@Thanos:~/code/XorNetFol$ python3 mnist_training.py
Train Epoch: 1 [6000/60000 (10%)]       Loss: 2.301626
Train Epoch: 1 [12000/60000 (20%)]      Loss: 2.302018
Train Epoch: 1 [18000/60000 (30%)]      Loss: 2.306409
Train Epoch: 1 [24000/60000 (40%)]      Loss: 2.297997
Train Epoch: 1 [30000/60000 (50%)]      Loss: 2.283048
Train Epoch: 1 [36000/60000 (60%)]      Loss: 2.302591
Train Epoch: 1 [42000/60000 (70%)]      Loss: 2.300834
Train Epoch: 1 [48000/60000 (80%)]      Loss: 2.312423
Train Epoch: 1 [54000/60000 (90%)]      Loss: 2.303643
Train Epoch: 1 [60000/60000 (100%)]     Loss: 2.306911

Test set: Average loss: 2.3013, Accuracy: 1135/10000 (11%)

Train Epoch: 2 [6000/60000 (10%)]       Loss: 2.295210
Train Epoch: 2 [12000/60000 (20%)]      Loss: 2.278408
Train Epoch: 2 [18000/60000 (30%)]      Loss: 2.297574
Train Epoch: 2 [24000/60000 (40%)]      Loss: 2.298400
Train Epoch: 2 [30000/60000 (50%)]      Loss: 2.302713
Train Epoch: 2 [36000/60000 (60%)]      Loss: 2.319431
Train Epoch: 2 [42000/60000 (70%)]      Loss: 2.319897
Train Epoch: 2 [48000/60000 (80%)]      Loss: 2.306080
Train Epoch: 2 [54000/60000 (90%)]      Loss: 2.303501
Train Epoch: 2 [60000/60000 (100%)]     Loss: 2.288533

Test set: Average loss: 2.3013, Accuracy: 1028/10000 (10%)

Train Epoch: 3 [6000/60000 (10%)]       Loss: 2.304094
Train Epoch: 3 [12000/60000 (20%)]      Loss: 2.303898
Train Epoch: 3 [18000/60000 (30%)]      Loss: 2.290553
Train Epoch: 3 [24000/60000 (40%)]      Loss: 2.301129
Train Epoch: 3 [30000/60000 (50%)]      Loss: 2.278147
Train Epoch: 3 [36000/60000 (60%)]      Loss: 2.294049
Train Epoch: 3 [42000/60000 (70%)]      Loss: 2.299547
Train Epoch: 3 [48000/60000 (80%)]      Loss: 2.294867
Train Epoch: 3 [54000/60000 (90%)]      Loss: 2.310119
Train Epoch: 3 [60000/60000 (100%)]     Loss: 2.350671

Test set: Average loss: 2.2994, Accuracy: 1080/10000 (11%)

Train Epoch: 4 [6000/60000 (10%)]       Loss: 2.295178
Train Epoch: 4 [12000/60000 (20%)]      Loss: 2.285325
Train Epoch: 4 [18000/60000 (30%)]      Loss: 2.281046
Train Epoch: 4 [24000/60000 (40%)]      Loss: 2.276342
Train Epoch: 4 [30000/60000 (50%)]      Loss: 2.293410
Train Epoch: 4 [36000/60000 (60%)]      Loss: 2.286491
Train Epoch: 4 [42000/60000 (70%)]      Loss: 2.284648
Train Epoch: 4 [48000/60000 (80%)]      Loss: 2.298102
Train Epoch: 4 [54000/60000 (90%)]      Loss: 2.283532
Train Epoch: 4 [60000/60000 (100%)]     Loss: 2.277893

Test set: Average loss: 2.2826, Accuracy: 2110/10000 (21%)

Train Epoch: 5 [6000/60000 (10%)]       Loss: 2.262160
Train Epoch: 5 [12000/60000 (20%)]      Loss: 2.255255
Train Epoch: 5 [18000/60000 (30%)]      Loss: 2.247718
Train Epoch: 5 [24000/60000 (40%)]      Loss: 2.259124
Train Epoch: 5 [30000/60000 (50%)]      Loss: 2.271616
Train Epoch: 5 [36000/60000 (60%)]      Loss: 2.239846
Train Epoch: 5 [42000/60000 (70%)]      Loss: 2.222029
Train Epoch: 5 [48000/60000 (80%)]      Loss: 2.215855
Train Epoch: 5 [54000/60000 (90%)]      Loss: 2.198943
Train Epoch: 5 [60000/60000 (100%)]     Loss: 2.192419

Test set: Average loss: 2.1928, Accuracy: 4102/10000 (41%)

Train Epoch: 6 [6000/60000 (10%)]       Loss: 2.135738
Train Epoch: 6 [12000/60000 (20%)]      Loss: 2.135510
Train Epoch: 6 [18000/60000 (30%)]      Loss: 2.064732
Train Epoch: 6 [24000/60000 (40%)]      Loss: 2.001199
Train Epoch: 6 [30000/60000 (50%)]      Loss: 1.938682
Train Epoch: 6 [36000/60000 (60%)]      Loss: 1.736888
Train Epoch: 6 [42000/60000 (70%)]      Loss: 1.757171
Train Epoch: 6 [48000/60000 (80%)]      Loss: 1.460202
Train Epoch: 6 [54000/60000 (90%)]      Loss: 1.368830
Train Epoch: 6 [60000/60000 (100%)]     Loss: 1.181908

Test set: Average loss: 1.2685, Accuracy: 6906/10000 (69%)

Train Epoch: 7 [6000/60000 (10%)]       Loss: 1.163159
Train Epoch: 7 [12000/60000 (20%)]      Loss: 1.061210
Train Epoch: 7 [18000/60000 (30%)]      Loss: 0.920921
Train Epoch: 7 [24000/60000 (40%)]      Loss: 0.957188
Train Epoch: 7 [30000/60000 (50%)]      Loss: 0.929037
Train Epoch: 7 [36000/60000 (60%)]      Loss: 0.823718
Train Epoch: 7 [42000/60000 (70%)]      Loss: 0.869338
Train Epoch: 7 [48000/60000 (80%)]      Loss: 0.664431
Train Epoch: 7 [54000/60000 (90%)]      Loss: 0.780842
Train Epoch: 7 [60000/60000 (100%)]     Loss: 0.710454

Test set: Average loss: 0.6601, Accuracy: 8264/10000 (83%)

Train Epoch: 8 [6000/60000 (10%)]       Loss: 0.768784
Train Epoch: 8 [12000/60000 (20%)]      Loss: 0.696556
Train Epoch: 8 [18000/60000 (30%)]      Loss: 0.517260
Train Epoch: 8 [24000/60000 (40%)]      Loss: 0.658583
Train Epoch: 8 [30000/60000 (50%)]      Loss: 0.541685
Train Epoch: 8 [36000/60000 (60%)]      Loss: 0.539951
Train Epoch: 8 [42000/60000 (70%)]      Loss: 0.787605
Train Epoch: 8 [48000/60000 (80%)]      Loss: 0.617938
Train Epoch: 8 [54000/60000 (90%)]      Loss: 0.500677
Train Epoch: 8 [60000/60000 (100%)]     Loss: 0.335833

Test set: Average loss: 0.4773, Accuracy: 8763/10000 (88%)

Train Epoch: 9 [6000/60000 (10%)]       Loss: 0.441481
Train Epoch: 9 [12000/60000 (20%)]      Loss: 0.306293
Train Epoch: 9 [18000/60000 (30%)]      Loss: 0.485867
Train Epoch: 9 [24000/60000 (40%)]      Loss: 0.417305
Train Epoch: 9 [30000/60000 (50%)]      Loss: 0.280551
Train Epoch: 9 [36000/60000 (60%)]      Loss: 0.352424
Train Epoch: 9 [42000/60000 (70%)]      Loss: 0.529004
Train Epoch: 9 [48000/60000 (80%)]      Loss: 0.538119
Train Epoch: 9 [54000/60000 (90%)]      Loss: 0.458519
Train Epoch: 9 [60000/60000 (100%)]     Loss: 0.475784

Test set: Average loss: 0.4030, Accuracy: 8887/10000 (89%)

Train Epoch: 10 [6000/60000 (10%)]      Loss: 0.288302
Train Epoch: 10 [12000/60000 (20%)]     Loss: 0.608475
Train Epoch: 10 [18000/60000 (30%)]     Loss: 0.413303
Train Epoch: 10 [24000/60000 (40%)]     Loss: 0.416882
Train Epoch: 10 [30000/60000 (50%)]     Loss: 0.299747
Train Epoch: 10 [36000/60000 (60%)]     Loss: 0.532592
Train Epoch: 10 [42000/60000 (70%)]     Loss: 0.478840
Train Epoch: 10 [48000/60000 (80%)]     Loss: 0.335977
Train Epoch: 10 [54000/60000 (90%)]     Loss: 0.365002
Train Epoch: 10 [60000/60000 (100%)]    Loss: 0.379014

Test set: Average loss: 0.3615, Accuracy: 8970/10000 (90%)

Train Epoch: 11 [6000/60000 (10%)]      Loss: 0.295218
Train Epoch: 11 [12000/60000 (20%)]     Loss: 0.242628
Train Epoch: 11 [18000/60000 (30%)]     Loss: 0.332335
Train Epoch: 11 [24000/60000 (40%)]     Loss: 0.265592
Train Epoch: 11 [30000/60000 (50%)]     Loss: 0.272692
Train Epoch: 11 [36000/60000 (60%)]     Loss: 0.372310
Train Epoch: 11 [42000/60000 (70%)]     Loss: 0.303946
Train Epoch: 11 [48000/60000 (80%)]     Loss: 0.397606
Train Epoch: 11 [54000/60000 (90%)]     Loss: 0.401040
Train Epoch: 11 [60000/60000 (100%)]    Loss: 0.361656

Test set: Average loss: 0.3330, Accuracy: 9045/10000 (90%)

Train Epoch: 12 [6000/60000 (10%)]      Loss: 0.403992
Train Epoch: 12 [12000/60000 (20%)]     Loss: 0.288743
Train Epoch: 12 [18000/60000 (30%)]     Loss: 0.333853
Train Epoch: 12 [24000/60000 (40%)]     Loss: 0.206209
Train Epoch: 12 [30000/60000 (50%)]     Loss: 0.286202
Train Epoch: 12 [36000/60000 (60%)]     Loss: 0.650696
Train Epoch: 12 [42000/60000 (70%)]     Loss: 0.233511
Train Epoch: 12 [48000/60000 (80%)]     Loss: 0.484309
Train Epoch: 12 [54000/60000 (90%)]     Loss: 0.329168
Train Epoch: 12 [60000/60000 (100%)]    Loss: 0.338910

Test set: Average loss: 0.3168, Accuracy: 9083/10000 (91%)

Train Epoch: 13 [6000/60000 (10%)]      Loss: 0.172576
Train Epoch: 13 [12000/60000 (20%)]     Loss: 0.304039
Train Epoch: 13 [18000/60000 (30%)]     Loss: 0.281214
Train Epoch: 13 [24000/60000 (40%)]     Loss: 0.242478
Train Epoch: 13 [30000/60000 (50%)]     Loss: 0.379119
Train Epoch: 13 [36000/60000 (60%)]     Loss: 0.263488
Train Epoch: 13 [42000/60000 (70%)]     Loss: 0.230686
Train Epoch: 13 [48000/60000 (80%)]     Loss: 0.350479
Train Epoch: 13 [54000/60000 (90%)]     Loss: 0.242880
Train Epoch: 13 [60000/60000 (100%)]    Loss: 0.273275

Test set: Average loss: 0.2969, Accuracy: 9123/10000 (91%)

Train Epoch: 14 [6000/60000 (10%)]      Loss: 0.305190
Train Epoch: 14 [12000/60000 (20%)]     Loss: 0.269545
Train Epoch: 14 [18000/60000 (30%)]     Loss: 0.290718
Train Epoch: 14 [24000/60000 (40%)]     Loss: 0.176783
Train Epoch: 14 [30000/60000 (50%)]     Loss: 0.275725
Train Epoch: 14 [36000/60000 (60%)]     Loss: 0.281779
Train Epoch: 14 [42000/60000 (70%)]     Loss: 0.218437
Train Epoch: 14 [48000/60000 (80%)]     Loss: 0.563228
Train Epoch: 14 [54000/60000 (90%)]     Loss: 0.150632
Train Epoch: 14 [60000/60000 (100%)]    Loss: 0.231614

Test set: Average loss: 0.2836, Accuracy: 9167/10000 (92%)

Train Epoch: 15 [6000/60000 (10%)]      Loss: 0.342532
Train Epoch: 15 [12000/60000 (20%)]     Loss: 0.302737
Train Epoch: 15 [18000/60000 (30%)]     Loss: 0.274859
Train Epoch: 15 [24000/60000 (40%)]     Loss: 0.362803
Train Epoch: 15 [30000/60000 (50%)]     Loss: 0.414200
Train Epoch: 15 [36000/60000 (60%)]     Loss: 0.227646
Train Epoch: 15 [42000/60000 (70%)]     Loss: 0.238160
Train Epoch: 15 [48000/60000 (80%)]     Loss: 0.251215
Train Epoch: 15 [54000/60000 (90%)]     Loss: 0.216652
Train Epoch: 15 [60000/60000 (100%)]    Loss: 0.327978

Test set: Average loss: 0.2699, Accuracy: 9190/10000 (92%)

Train Epoch: 16 [6000/60000 (10%)]      Loss: 0.226672
Train Epoch: 16 [12000/60000 (20%)]     Loss: 0.202414
Train Epoch: 16 [18000/60000 (30%)]     Loss: 0.323501
Train Epoch: 16 [24000/60000 (40%)]     Loss: 0.365907
Train Epoch: 16 [30000/60000 (50%)]     Loss: 0.451625
Train Epoch: 16 [36000/60000 (60%)]     Loss: 0.110567
Train Epoch: 16 [42000/60000 (70%)]     Loss: 0.195218
Train Epoch: 16 [48000/60000 (80%)]     Loss: 0.320382
Train Epoch: 16 [54000/60000 (90%)]     Loss: 0.428678
Train Epoch: 16 [60000/60000 (100%)]    Loss: 0.207610

Test set: Average loss: 0.2628, Accuracy: 9224/10000 (92%)

Train Epoch: 17 [6000/60000 (10%)]      Loss: 0.433084
Train Epoch: 17 [12000/60000 (20%)]     Loss: 0.224735
Train Epoch: 17 [18000/60000 (30%)]     Loss: 0.373209
Train Epoch: 17 [24000/60000 (40%)]     Loss: 0.130486
Train Epoch: 17 [30000/60000 (50%)]     Loss: 0.269200
Train Epoch: 17 [36000/60000 (60%)]     Loss: 0.143044
Train Epoch: 17 [42000/60000 (70%)]     Loss: 0.252525
Train Epoch: 17 [48000/60000 (80%)]     Loss: 0.307213
Train Epoch: 17 [54000/60000 (90%)]     Loss: 0.181443
Train Epoch: 17 [60000/60000 (100%)]    Loss: 0.244039

Test set: Average loss: 0.2524, Accuracy: 9251/10000 (93%)

Train Epoch: 18 [6000/60000 (10%)]      Loss: 0.199460
Train Epoch: 18 [12000/60000 (20%)]     Loss: 0.165912
Train Epoch: 18 [18000/60000 (30%)]     Loss: 0.215567
Train Epoch: 18 [24000/60000 (40%)]     Loss: 0.215759
Train Epoch: 18 [30000/60000 (50%)]     Loss: 0.259680
Train Epoch: 18 [36000/60000 (60%)]     Loss: 0.283458
Train Epoch: 18 [42000/60000 (70%)]     Loss: 0.206422
Train Epoch: 18 [48000/60000 (80%)]     Loss: 0.163099
Train Epoch: 18 [54000/60000 (90%)]     Loss: 0.155163
Train Epoch: 18 [60000/60000 (100%)]    Loss: 0.284736

Test set: Average loss: 0.2425, Accuracy: 9281/10000 (93%)

Train Epoch: 19 [6000/60000 (10%)]      Loss: 0.186183
Train Epoch: 19 [12000/60000 (20%)]     Loss: 0.309526
Train Epoch: 19 [18000/60000 (30%)]     Loss: 0.140327
Train Epoch: 19 [24000/60000 (40%)]     Loss: 0.115526
Train Epoch: 19 [30000/60000 (50%)]     Loss: 0.186406
Train Epoch: 19 [36000/60000 (60%)]     Loss: 0.348707
Train Epoch: 19 [42000/60000 (70%)]     Loss: 0.312613
Train Epoch: 19 [48000/60000 (80%)]     Loss: 0.334797
Train Epoch: 19 [54000/60000 (90%)]     Loss: 0.271385
Train Epoch: 19 [60000/60000 (100%)]    Loss: 0.414124

Test set: Average loss: 0.2362, Accuracy: 9293/10000 (93%)

Train Epoch: 20 [6000/60000 (10%)]      Loss: 0.133650
Train Epoch: 20 [12000/60000 (20%)]     Loss: 0.232735
Train Epoch: 20 [18000/60000 (30%)]     Loss: 0.364275
Train Epoch: 20 [24000/60000 (40%)]     Loss: 0.182759
Train Epoch: 20 [30000/60000 (50%)]     Loss: 0.180495
Train Epoch: 20 [36000/60000 (60%)]     Loss: 0.264926
Train Epoch: 20 [42000/60000 (70%)]     Loss: 0.371427
Train Epoch: 20 [48000/60000 (80%)]     Loss: 0.229381
Train Epoch: 20 [54000/60000 (90%)]     Loss: 0.190904
Train Epoch: 20 [60000/60000 (100%)]    Loss: 0.455553

Test set: Average loss: 0.2289, Accuracy: 9320/10000 (93%)

Train Epoch: 21 [6000/60000 (10%)]      Loss: 0.148672
Train Epoch: 21 [12000/60000 (20%)]     Loss: 0.080578
Train Epoch: 21 [18000/60000 (30%)]     Loss: 0.178632
Train Epoch: 21 [24000/60000 (40%)]     Loss: 0.188329
Train Epoch: 21 [30000/60000 (50%)]     Loss: 0.254452
Train Epoch: 21 [36000/60000 (60%)]     Loss: 0.259615
Train Epoch: 21 [42000/60000 (70%)]     Loss: 0.239925
Train Epoch: 21 [48000/60000 (80%)]     Loss: 0.262998
Train Epoch: 21 [54000/60000 (90%)]     Loss: 0.203465
Train Epoch: 21 [60000/60000 (100%)]    Loss: 0.133441

Test set: Average loss: 0.2213, Accuracy: 9339/10000 (93%)

Train Epoch: 22 [6000/60000 (10%)]      Loss: 0.161640
Train Epoch: 22 [12000/60000 (20%)]     Loss: 0.284146
Train Epoch: 22 [18000/60000 (30%)]     Loss: 0.187284
Train Epoch: 22 [24000/60000 (40%)]     Loss: 0.326892
Train Epoch: 22 [30000/60000 (50%)]     Loss: 0.117076
Train Epoch: 22 [36000/60000 (60%)]     Loss: 0.112345
Train Epoch: 22 [42000/60000 (70%)]     Loss: 0.322348
Train Epoch: 22 [48000/60000 (80%)]     Loss: 0.307164
Train Epoch: 22 [54000/60000 (90%)]     Loss: 0.130289
Train Epoch: 22 [60000/60000 (100%)]    Loss: 0.199370

Test set: Average loss: 0.2135, Accuracy: 9370/10000 (94%)

Train Epoch: 23 [6000/60000 (10%)]      Loss: 0.143324
Train Epoch: 23 [12000/60000 (20%)]     Loss: 0.216429
Train Epoch: 23 [18000/60000 (30%)]     Loss: 0.247566
Train Epoch: 23 [24000/60000 (40%)]     Loss: 0.148409
Train Epoch: 23 [30000/60000 (50%)]     Loss: 0.117260
Train Epoch: 23 [36000/60000 (60%)]     Loss: 0.167340
Train Epoch: 23 [42000/60000 (70%)]     Loss: 0.339040
Train Epoch: 23 [48000/60000 (80%)]     Loss: 0.329710
Train Epoch: 23 [54000/60000 (90%)]     Loss: 0.110299
Train Epoch: 23 [60000/60000 (100%)]    Loss: 0.118358

Test set: Average loss: 0.2066, Accuracy: 9386/10000 (94%)

Train Epoch: 24 [6000/60000 (10%)]      Loss: 0.273859
Train Epoch: 24 [12000/60000 (20%)]     Loss: 0.178975
Train Epoch: 24 [18000/60000 (30%)]     Loss: 0.117136
Train Epoch: 24 [24000/60000 (40%)]     Loss: 0.113332
Train Epoch: 24 [30000/60000 (50%)]     Loss: 0.223000
Train Epoch: 24 [36000/60000 (60%)]     Loss: 0.072046
Train Epoch: 24 [42000/60000 (70%)]     Loss: 0.107643
Train Epoch: 24 [48000/60000 (80%)]     Loss: 0.147431
Train Epoch: 24 [54000/60000 (90%)]     Loss: 0.275572
Train Epoch: 24 [60000/60000 (100%)]    Loss: 0.331550

Test set: Average loss: 0.2028, Accuracy: 9403/10000 (94%)

Train Epoch: 25 [6000/60000 (10%)]      Loss: 0.289202
Train Epoch: 25 [12000/60000 (20%)]     Loss: 0.288782
Train Epoch: 25 [18000/60000 (30%)]     Loss: 0.316531
Train Epoch: 25 [24000/60000 (40%)]     Loss: 0.080551
Train Epoch: 25 [30000/60000 (50%)]     Loss: 0.328169
Train Epoch: 25 [36000/60000 (60%)]     Loss: 0.130509
Train Epoch: 25 [42000/60000 (70%)]     Loss: 0.119173
Train Epoch: 25 [48000/60000 (80%)]     Loss: 0.075348
Train Epoch: 25 [54000/60000 (90%)]     Loss: 0.143654
Train Epoch: 25 [60000/60000 (100%)]    Loss: 0.332155

Test set: Average loss: 0.1969, Accuracy: 9434/10000 (94%)

Train Epoch: 26 [6000/60000 (10%)]      Loss: 0.261079
Train Epoch: 26 [12000/60000 (20%)]     Loss: 0.129085
Train Epoch: 26 [18000/60000 (30%)]     Loss: 0.212679
Train Epoch: 26 [24000/60000 (40%)]     Loss: 0.232255
Train Epoch: 26 [30000/60000 (50%)]     Loss: 0.121590
Train Epoch: 26 [36000/60000 (60%)]     Loss: 0.323345
Train Epoch: 26 [42000/60000 (70%)]     Loss: 0.256612
Train Epoch: 26 [48000/60000 (80%)]     Loss: 0.323044
Train Epoch: 26 [54000/60000 (90%)]     Loss: 0.145122
Train Epoch: 26 [60000/60000 (100%)]    Loss: 0.171586

Test set: Average loss: 0.1914, Accuracy: 9451/10000 (95%)

Train Epoch: 27 [6000/60000 (10%)]      Loss: 0.237686
Train Epoch: 27 [12000/60000 (20%)]     Loss: 0.206399
Train Epoch: 27 [18000/60000 (30%)]     Loss: 0.277980
Train Epoch: 27 [24000/60000 (40%)]     Loss: 0.171795
Train Epoch: 27 [30000/60000 (50%)]     Loss: 0.266522
Train Epoch: 27 [36000/60000 (60%)]     Loss: 0.207402
Train Epoch: 27 [42000/60000 (70%)]     Loss: 0.175288
Train Epoch: 27 [48000/60000 (80%)]     Loss: 0.247738
Train Epoch: 27 [54000/60000 (90%)]     Loss: 0.157351
Train Epoch: 27 [60000/60000 (100%)]    Loss: 0.333251

Test set: Average loss: 0.1880, Accuracy: 9451/10000 (95%)

Train Epoch: 28 [6000/60000 (10%)]      Loss: 0.127426
Train Epoch: 28 [12000/60000 (20%)]     Loss: 0.267876
Train Epoch: 28 [18000/60000 (30%)]     Loss: 0.343582
Train Epoch: 28 [24000/60000 (40%)]     Loss: 0.269643
Train Epoch: 28 [30000/60000 (50%)]     Loss: 0.335498
Train Epoch: 28 [36000/60000 (60%)]     Loss: 0.248324
Train Epoch: 28 [42000/60000 (70%)]     Loss: 0.117607
Train Epoch: 28 [48000/60000 (80%)]     Loss: 0.214049
Train Epoch: 28 [54000/60000 (90%)]     Loss: 0.126821
Train Epoch: 28 [60000/60000 (100%)]    Loss: 0.104293

Test set: Average loss: 0.1843, Accuracy: 9458/10000 (95%)

Train Epoch: 29 [6000/60000 (10%)]      Loss: 0.161239
Train Epoch: 29 [12000/60000 (20%)]     Loss: 0.151310
Train Epoch: 29 [18000/60000 (30%)]     Loss: 0.193989
Train Epoch: 29 [24000/60000 (40%)]     Loss: 0.201345
Train Epoch: 29 [30000/60000 (50%)]     Loss: 0.086452
Train Epoch: 29 [36000/60000 (60%)]     Loss: 0.237482
Train Epoch: 29 [42000/60000 (70%)]     Loss: 0.236045
Train Epoch: 29 [48000/60000 (80%)]     Loss: 0.193865
Train Epoch: 29 [54000/60000 (90%)]     Loss: 0.221470
Train Epoch: 29 [60000/60000 (100%)]    Loss: 0.196007

Test set: Average loss: 0.1794, Accuracy: 9474/10000 (95%)

Train Epoch: 30 [6000/60000 (10%)]      Loss: 0.141584
Train Epoch: 30 [12000/60000 (20%)]     Loss: 0.127902
Train Epoch: 30 [18000/60000 (30%)]     Loss: 0.089559
Train Epoch: 30 [24000/60000 (40%)]     Loss: 0.152506
Train Epoch: 30 [30000/60000 (50%)]     Loss: 0.109695
Train Epoch: 30 [36000/60000 (60%)]     Loss: 0.090632
Train Epoch: 30 [42000/60000 (70%)]     Loss: 0.048240
Train Epoch: 30 [48000/60000 (80%)]     Loss: 0.143177
Train Epoch: 30 [54000/60000 (90%)]     Loss: 0.116186
Train Epoch: 30 [60000/60000 (100%)]    Loss: 0.195832

Test set: Average loss: 0.1786, Accuracy: 9485/10000 (95%)
