Train Epoch: 1 [5000/50000 (10%)]       Loss: 1.595941
Train Epoch: 1 [10000/50000 (20%)]      Loss: 1.328070
Train Epoch: 1 [15000/50000 (30%)]      Loss: 1.121020
Train Epoch: 1 [20000/50000 (40%)]      Loss: 1.346441
Train Epoch: 1 [25000/50000 (50%)]      Loss: 0.959469
Train Epoch: 1 [30000/50000 (60%)]      Loss: 0.971857
Train Epoch: 1 [35000/50000 (70%)]      Loss: 1.156920
Train Epoch: 1 [40000/50000 (80%)]      Loss: 0.789381
Train Epoch: 1 [45000/50000 (90%)]      Loss: 0.978674
Train Epoch: 1 [50000/50000 (100%)]     Loss: 0.948861

Test set: Average loss: 0.9624, Accuracy: 6554/10000 (66%)

Train Epoch: 2 [5000/50000 (10%)]       Loss: 1.083882
Train Epoch: 2 [10000/50000 (20%)]      Loss: 0.768633
Train Epoch: 2 [15000/50000 (30%)]      Loss: 0.601703
Train Epoch: 2 [20000/50000 (40%)]      Loss: 0.568999
Train Epoch: 2 [25000/50000 (50%)]      Loss: 0.887325
Train Epoch: 2 [30000/50000 (60%)]      Loss: 0.698068
Train Epoch: 2 [35000/50000 (70%)]      Loss: 0.607834
Train Epoch: 2 [40000/50000 (80%)]      Loss: 0.859259
Train Epoch: 2 [45000/50000 (90%)]      Loss: 0.684916
Train Epoch: 2 [50000/50000 (100%)]     Loss: 0.699314

Test set: Average loss: 0.8830, Accuracy: 6936/10000 (69%)

Train Epoch: 3 [5000/50000 (10%)]       Loss: 0.613934
Train Epoch: 3 [10000/50000 (20%)]      Loss: 0.704908
Train Epoch: 3 [15000/50000 (30%)]      Loss: 0.527598
Train Epoch: 3 [20000/50000 (40%)]      Loss: 0.461343
Train Epoch: 3 [25000/50000 (50%)]      Loss: 0.624872
Train Epoch: 3 [30000/50000 (60%)]      Loss: 0.705800
Train Epoch: 3 [35000/50000 (70%)]      Loss: 0.854764
Train Epoch: 3 [40000/50000 (80%)]      Loss: 0.566846
Train Epoch: 3 [45000/50000 (90%)]      Loss: 0.326750
Train Epoch: 3 [50000/50000 (100%)]     Loss: 0.583208

Test set: Average loss: 0.7944, Accuracy: 7303/10000 (73%)

Train Epoch: 4 [5000/50000 (10%)]       Loss: 0.527622
Train Epoch: 4 [10000/50000 (20%)]      Loss: 0.339916
Train Epoch: 4 [15000/50000 (30%)]      Loss: 0.326673
Train Epoch: 4 [20000/50000 (40%)]      Loss: 0.434696
Train Epoch: 4 [25000/50000 (50%)]      Loss: 0.379313
Train Epoch: 4 [30000/50000 (60%)]      Loss: 0.531662
Train Epoch: 4 [35000/50000 (70%)]      Loss: 0.424547
Train Epoch: 4 [40000/50000 (80%)]      Loss: 0.447054
Train Epoch: 4 [45000/50000 (90%)]      Loss: 0.331049
Train Epoch: 4 [50000/50000 (100%)]     Loss: 0.266559

Test set: Average loss: 0.9826, Accuracy: 6880/10000 (69%)

Train Epoch: 5 [5000/50000 (10%)]       Loss: 0.299731
Train Epoch: 5 [10000/50000 (20%)]      Loss: 0.234561
Train Epoch: 5 [15000/50000 (30%)]      Loss: 0.297782
Train Epoch: 5 [20000/50000 (40%)]      Loss: 0.313409
Train Epoch: 5 [25000/50000 (50%)]      Loss: 0.117344
Train Epoch: 5 [30000/50000 (60%)]      Loss: 0.224062
Train Epoch: 5 [35000/50000 (70%)]      Loss: 0.287981
Train Epoch: 5 [40000/50000 (80%)]      Loss: 0.519065
Train Epoch: 5 [45000/50000 (90%)]      Loss: 0.177309
Train Epoch: 5 [50000/50000 (100%)]     Loss: 0.273693

Test set: Average loss: 0.7844, Accuracy: 7568/10000 (76%)

Train Epoch: 6 [5000/50000 (10%)]       Loss: 0.120973
Train Epoch: 6 [10000/50000 (20%)]      Loss: 0.041148
Train Epoch: 6 [15000/50000 (30%)]      Loss: 0.295697
Train Epoch: 6 [20000/50000 (40%)]      Loss: 0.205665
Train Epoch: 6 [25000/50000 (50%)]      Loss: 0.076756
Train Epoch: 6 [30000/50000 (60%)]      Loss: 0.231436
Train Epoch: 6 [35000/50000 (70%)]      Loss: 0.369814
Train Epoch: 6 [40000/50000 (80%)]      Loss: 0.176471
Train Epoch: 6 [45000/50000 (90%)]      Loss: 0.377903
Train Epoch: 6 [50000/50000 (100%)]     Loss: 0.114867

Test set: Average loss: 0.7450, Accuracy: 7806/10000 (78%)

Train Epoch: 7 [5000/50000 (10%)]       Loss: 0.046621
Train Epoch: 7 [10000/50000 (20%)]      Loss: 0.189086
Train Epoch: 7 [15000/50000 (30%)]      Loss: 0.077435
Train Epoch: 7 [20000/50000 (40%)]      Loss: 0.107120
Train Epoch: 7 [25000/50000 (50%)]      Loss: 0.048940
Train Epoch: 7 [30000/50000 (60%)]      Loss: 0.197338
Train Epoch: 7 [35000/50000 (70%)]      Loss: 0.153442
Train Epoch: 7 [40000/50000 (80%)]      Loss: 0.144356
Train Epoch: 7 [45000/50000 (90%)]      Loss: 0.162604
Train Epoch: 7 [50000/50000 (100%)]     Loss: 0.198683

Test set: Average loss: 0.9058, Accuracy: 7590/10000 (76%)

Train Epoch: 8 [5000/50000 (10%)]       Loss: 0.050999
Train Epoch: 8 [10000/50000 (20%)]      Loss: 0.033327
Train Epoch: 8 [15000/50000 (30%)]      Loss: 0.102608
Train Epoch: 8 [20000/50000 (40%)]      Loss: 0.101591
Train Epoch: 8 [25000/50000 (50%)]      Loss: 0.048195
Train Epoch: 8 [30000/50000 (60%)]      Loss: 0.091220
Train Epoch: 8 [35000/50000 (70%)]      Loss: 0.066471
Train Epoch: 8 [40000/50000 (80%)]      Loss: 0.290162
Train Epoch: 8 [45000/50000 (90%)]      Loss: 0.092920
Train Epoch: 8 [50000/50000 (100%)]     Loss: 0.080710

Test set: Average loss: 0.8869, Accuracy: 7766/10000 (78%)

Train Epoch: 9 [5000/50000 (10%)]       Loss: 0.021121
Train Epoch: 9 [10000/50000 (20%)]      Loss: 0.187921
Train Epoch: 9 [15000/50000 (30%)]      Loss: 0.128132
Train Epoch: 9 [20000/50000 (40%)]      Loss: 0.012000
Train Epoch: 9 [25000/50000 (50%)]      Loss: 0.037846
Train Epoch: 9 [30000/50000 (60%)]      Loss: 0.173919
Train Epoch: 9 [35000/50000 (70%)]      Loss: 0.114516
Train Epoch: 9 [40000/50000 (80%)]      Loss: 0.138224
Train Epoch: 9 [45000/50000 (90%)]      Loss: 0.257460
Train Epoch: 9 [50000/50000 (100%)]     Loss: 0.121396

Test set: Average loss: 1.0208, Accuracy: 7577/10000 (76%)

Train Epoch: 10 [5000/50000 (10%)]      Loss: 0.051843
Train Epoch: 10 [10000/50000 (20%)]     Loss: 0.023119
Train Epoch: 10 [15000/50000 (30%)]     Loss: 0.033351
Train Epoch: 10 [20000/50000 (40%)]     Loss: 0.043405
Train Epoch: 10 [25000/50000 (50%)]     Loss: 0.039493
Train Epoch: 10 [30000/50000 (60%)]     Loss: 0.028098
Train Epoch: 10 [35000/50000 (70%)]     Loss: 0.028666
Train Epoch: 10 [40000/50000 (80%)]     Loss: 0.057296
Train Epoch: 10 [45000/50000 (90%)]     Loss: 0.045275
Train Epoch: 10 [50000/50000 (100%)]    Loss: 0.130045

Test set: Average loss: 1.1422, Accuracy: 7434/10000 (74%)

Train Epoch: 11 [5000/50000 (10%)]      Loss: 0.031745
Train Epoch: 11 [10000/50000 (20%)]     Loss: 0.010620
Train Epoch: 11 [15000/50000 (30%)]     Loss: 0.064872
Train Epoch: 11 [20000/50000 (40%)]     Loss: 0.059007
Train Epoch: 11 [25000/50000 (50%)]     Loss: 0.017818
Train Epoch: 11 [30000/50000 (60%)]     Loss: 0.016321
Train Epoch: 11 [35000/50000 (70%)]     Loss: 0.034996
Train Epoch: 11 [40000/50000 (80%)]     Loss: 0.091683
Train Epoch: 11 [45000/50000 (90%)]     Loss: 0.073493
Train Epoch: 11 [50000/50000 (100%)]    Loss: 0.129049

Test set: Average loss: 1.0543, Accuracy: 7647/10000 (76%)

Train Epoch: 12 [5000/50000 (10%)]      Loss: 0.049901
Train Epoch: 12 [10000/50000 (20%)]     Loss: 0.034632
Train Epoch: 12 [15000/50000 (30%)]     Loss: 0.006613
Train Epoch: 12 [20000/50000 (40%)]     Loss: 0.027617
Train Epoch: 12 [25000/50000 (50%)]     Loss: 0.012378
Train Epoch: 12 [30000/50000 (60%)]     Loss: 0.016802
Train Epoch: 12 [35000/50000 (70%)]     Loss: 0.038739
Train Epoch: 12 [40000/50000 (80%)]     Loss: 0.030709
Train Epoch: 12 [45000/50000 (90%)]     Loss: 0.019219
Train Epoch: 12 [50000/50000 (100%)]    Loss: 0.048701

Test set: Average loss: 1.0244, Accuracy: 7826/10000 (78%)

Train Epoch: 13 [5000/50000 (10%)]      Loss: 0.005951
Train Epoch: 13 [10000/50000 (20%)]     Loss: 0.014754
Train Epoch: 13 [15000/50000 (30%)]     Loss: 0.031820
Train Epoch: 13 [20000/50000 (40%)]     Loss: 0.034262
Train Epoch: 13 [25000/50000 (50%)]     Loss: 0.012652
Train Epoch: 13 [30000/50000 (60%)]     Loss: 0.003238
Train Epoch: 13 [35000/50000 (70%)]     Loss: 0.009260
Train Epoch: 13 [40000/50000 (80%)]     Loss: 0.103256
Train Epoch: 13 [45000/50000 (90%)]     Loss: 0.057302
Train Epoch: 13 [50000/50000 (100%)]    Loss: 0.007247

Test set: Average loss: 0.9607, Accuracy: 7924/10000 (79%)

Train Epoch: 14 [5000/50000 (10%)]      Loss: 0.010539
Train Epoch: 14 [10000/50000 (20%)]     Loss: 0.001092
Train Epoch: 14 [15000/50000 (30%)]     Loss: 0.003163
Train Epoch: 14 [20000/50000 (40%)]     Loss: 0.001884
Train Epoch: 14 [25000/50000 (50%)]     Loss: 0.005608
Train Epoch: 14 [30000/50000 (60%)]     Loss: 0.003123
Train Epoch: 14 [35000/50000 (70%)]     Loss: 0.021666
Train Epoch: 14 [40000/50000 (80%)]     Loss: 0.003846
Train Epoch: 14 [45000/50000 (90%)]     Loss: 0.001795
Train Epoch: 14 [50000/50000 (100%)]    Loss: 0.014068

Test set: Average loss: 0.9483, Accuracy: 8011/10000 (80%)

Train Epoch: 15 [5000/50000 (10%)]      Loss: 0.028586
Train Epoch: 15 [10000/50000 (20%)]     Loss: 0.000737
Train Epoch: 15 [15000/50000 (30%)]     Loss: 0.001171
Train Epoch: 15 [20000/50000 (40%)]     Loss: 0.002343
Train Epoch: 15 [25000/50000 (50%)]     Loss: 0.001208
Train Epoch: 15 [30000/50000 (60%)]     Loss: 0.003791
Train Epoch: 15 [35000/50000 (70%)]     Loss: 0.002790
Train Epoch: 15 [40000/50000 (80%)]     Loss: 0.001752
Train Epoch: 15 [45000/50000 (90%)]     Loss: 0.002799
Train Epoch: 15 [50000/50000 (100%)]    Loss: 0.003555

Test set: Average loss: 0.9507, Accuracy: 8075/10000 (81%)

Train Epoch: 16 [5000/50000 (10%)]      Loss: 0.000883
Train Epoch: 16 [10000/50000 (20%)]     Loss: 0.000535
Train Epoch: 16 [15000/50000 (30%)]     Loss: 0.017906
Train Epoch: 16 [20000/50000 (40%)]     Loss: 0.001170
Train Epoch: 16 [25000/50000 (50%)]     Loss: 0.000428
Train Epoch: 16 [30000/50000 (60%)]     Loss: 0.002388
Train Epoch: 16 [35000/50000 (70%)]     Loss: 0.013936
Train Epoch: 16 [40000/50000 (80%)]     Loss: 0.002601
Train Epoch: 16 [45000/50000 (90%)]     Loss: 0.002110
Train Epoch: 16 [50000/50000 (100%)]    Loss: 0.008604

Test set: Average loss: 1.0509, Accuracy: 7918/10000 (79%)

Train Epoch: 17 [5000/50000 (10%)]      Loss: 0.003706
Train Epoch: 17 [10000/50000 (20%)]     Loss: 0.001329
Train Epoch: 17 [15000/50000 (30%)]     Loss: 0.000663
Train Epoch: 17 [20000/50000 (40%)]     Loss: 0.002892
Train Epoch: 17 [25000/50000 (50%)]     Loss: 0.001455
Train Epoch: 17 [30000/50000 (60%)]     Loss: 0.000929
Train Epoch: 17 [35000/50000 (70%)]     Loss: 0.003128
Train Epoch: 17 [40000/50000 (80%)]     Loss: 0.000888
Train Epoch: 17 [45000/50000 (90%)]     Loss: 0.000207
Train Epoch: 17 [50000/50000 (100%)]    Loss: 0.001032

Test set: Average loss: 1.0101, Accuracy: 8072/10000 (81%)

Train Epoch: 18 [5000/50000 (10%)]      Loss: 0.001615
Train Epoch: 18 [10000/50000 (20%)]     Loss: 0.001087
Train Epoch: 18 [15000/50000 (30%)]     Loss: 0.000826
Train Epoch: 18 [20000/50000 (40%)]     Loss: 0.001476
Train Epoch: 18 [25000/50000 (50%)]     Loss: 0.002443
Train Epoch: 18 [30000/50000 (60%)]     Loss: 0.118638
Train Epoch: 18 [35000/50000 (70%)]     Loss: 0.000775
Train Epoch: 18 [40000/50000 (80%)]     Loss: 0.000194
Train Epoch: 18 [45000/50000 (90%)]     Loss: 0.001731
Train Epoch: 18 [50000/50000 (100%)]    Loss: 0.000712

Test set: Average loss: 0.9537, Accuracy: 8154/10000 (82%)

Train Epoch: 19 [5000/50000 (10%)]      Loss: 0.000479
Train Epoch: 19 [10000/50000 (20%)]     Loss: 0.000322
Train Epoch: 19 [15000/50000 (30%)]     Loss: 0.000177
Train Epoch: 19 [20000/50000 (40%)]     Loss: 0.000487
Train Epoch: 19 [25000/50000 (50%)]     Loss: 0.000225
Train Epoch: 19 [30000/50000 (60%)]     Loss: 0.001471
Train Epoch: 19 [35000/50000 (70%)]     Loss: 0.000511
Train Epoch: 19 [40000/50000 (80%)]     Loss: 0.000820
Train Epoch: 19 [45000/50000 (90%)]     Loss: 0.000934
Train Epoch: 19 [50000/50000 (100%)]    Loss: 0.000341

Test set: Average loss: 0.9383, Accuracy: 8189/10000 (82%)

Train Epoch: 20 [5000/50000 (10%)]      Loss: 0.000386
Train Epoch: 20 [10000/50000 (20%)]     Loss: 0.000641
Train Epoch: 20 [15000/50000 (30%)]     Loss: 0.000485
Train Epoch: 20 [20000/50000 (40%)]     Loss: 0.001441
Train Epoch: 20 [25000/50000 (50%)]     Loss: 0.000073
Train Epoch: 20 [30000/50000 (60%)]     Loss: 0.000558
Train Epoch: 20 [35000/50000 (70%)]     Loss: 0.000249
Train Epoch: 20 [40000/50000 (80%)]     Loss: 0.000123
Train Epoch: 20 [45000/50000 (90%)]     Loss: 0.000108
Train Epoch: 20 [50000/50000 (100%)]    Loss: 0.000350

Test set: Average loss: 0.9465, Accuracy: 8212/10000 (82%)

Train Epoch: 21 [5000/50000 (10%)]      Loss: 0.000499
Train Epoch: 21 [10000/50000 (20%)]     Loss: 0.000138
Train Epoch: 21 [15000/50000 (30%)]     Loss: 0.000173
Train Epoch: 21 [20000/50000 (40%)]     Loss: 0.000061
Train Epoch: 21 [25000/50000 (50%)]     Loss: 0.000264
Train Epoch: 21 [30000/50000 (60%)]     Loss: 0.000229
Train Epoch: 21 [35000/50000 (70%)]     Loss: 0.000178
Train Epoch: 21 [40000/50000 (80%)]     Loss: 0.001416
Train Epoch: 21 [45000/50000 (90%)]     Loss: 0.000821
Train Epoch: 21 [50000/50000 (100%)]    Loss: 0.000070

Test set: Average loss: 0.9492, Accuracy: 8205/10000 (82%)

Train Epoch: 22 [5000/50000 (10%)]      Loss: 0.000035
Train Epoch: 22 [10000/50000 (20%)]     Loss: 0.000080
Train Epoch: 22 [15000/50000 (30%)]     Loss: 0.001063
Train Epoch: 22 [20000/50000 (40%)]     Loss: 0.000052
Train Epoch: 22 [25000/50000 (50%)]     Loss: 0.000094
Train Epoch: 22 [30000/50000 (60%)]     Loss: 0.000146
Train Epoch: 22 [35000/50000 (70%)]     Loss: 0.000133
Train Epoch: 22 [40000/50000 (80%)]     Loss: 0.000179
Train Epoch: 22 [45000/50000 (90%)]     Loss: 0.000023
Train Epoch: 22 [50000/50000 (100%)]    Loss: 0.020680

Test set: Average loss: 0.9943, Accuracy: 8083/10000 (81%)

Train Epoch: 23 [5000/50000 (10%)]      Loss: 0.000029
Train Epoch: 23 [10000/50000 (20%)]     Loss: 0.000402
Train Epoch: 23 [15000/50000 (30%)]     Loss: 0.000163
Train Epoch: 23 [20000/50000 (40%)]     Loss: 0.000076
Train Epoch: 23 [25000/50000 (50%)]     Loss: 0.000053
Train Epoch: 23 [30000/50000 (60%)]     Loss: 0.000048
Train Epoch: 23 [35000/50000 (70%)]     Loss: 0.000154
Train Epoch: 23 [40000/50000 (80%)]     Loss: 0.000196
Train Epoch: 23 [45000/50000 (90%)]     Loss: 0.000043
Train Epoch: 23 [50000/50000 (100%)]    Loss: 0.000172

Test set: Average loss: 0.9486, Accuracy: 8216/10000 (82%)

Train Epoch: 24 [5000/50000 (10%)]      Loss: 0.000208
Train Epoch: 24 [10000/50000 (20%)]     Loss: 0.000188
Train Epoch: 24 [15000/50000 (30%)]     Loss: 0.000549
Train Epoch: 24 [20000/50000 (40%)]     Loss: 0.000147
Train Epoch: 24 [25000/50000 (50%)]     Loss: 0.000221
Train Epoch: 24 [30000/50000 (60%)]     Loss: 0.000060
Train Epoch: 24 [35000/50000 (70%)]     Loss: 0.000137
Train Epoch: 24 [40000/50000 (80%)]     Loss: 0.001151
Train Epoch: 24 [45000/50000 (90%)]     Loss: 0.000040
Train Epoch: 24 [50000/50000 (100%)]    Loss: 0.000069

Test set: Average loss: 0.9514, Accuracy: 8206/10000 (82%)

Train Epoch: 25 [5000/50000 (10%)]      Loss: 0.000071
Train Epoch: 25 [10000/50000 (20%)]     Loss: 0.000398
Train Epoch: 25 [15000/50000 (30%)]     Loss: 0.000127
Train Epoch: 25 [20000/50000 (40%)]     Loss: 0.000223
Train Epoch: 25 [25000/50000 (50%)]     Loss: 0.000184
Train Epoch: 25 [30000/50000 (60%)]     Loss: 0.000070
Train Epoch: 25 [35000/50000 (70%)]     Loss: 0.000064
Train Epoch: 25 [40000/50000 (80%)]     Loss: 0.000072
Train Epoch: 25 [45000/50000 (90%)]     Loss: 0.000124
Train Epoch: 25 [50000/50000 (100%)]    Loss: 0.000082

Test set: Average loss: 0.9549, Accuracy: 8220/10000 (82%)

Train Epoch: 26 [5000/50000 (10%)]      Loss: 0.000312
Train Epoch: 26 [10000/50000 (20%)]     Loss: 0.000047
Train Epoch: 26 [15000/50000 (30%)]     Loss: 0.000017
Train Epoch: 26 [20000/50000 (40%)]     Loss: 0.000049
Train Epoch: 26 [25000/50000 (50%)]     Loss: 0.000174
Train Epoch: 26 [30000/50000 (60%)]     Loss: 0.000038
Train Epoch: 26 [35000/50000 (70%)]     Loss: 0.000058
Train Epoch: 26 [40000/50000 (80%)]     Loss: 0.000087
Train Epoch: 26 [45000/50000 (90%)]     Loss: 0.000086
Train Epoch: 26 [50000/50000 (100%)]    Loss: 0.000034

Test set: Average loss: 0.9581, Accuracy: 8241/10000 (82%)

Train Epoch: 27 [5000/50000 (10%)]      Loss: 0.000178
Train Epoch: 27 [10000/50000 (20%)]     Loss: 0.000084
Train Epoch: 27 [15000/50000 (30%)]     Loss: 0.000030
Train Epoch: 27 [20000/50000 (40%)]     Loss: 0.000045
Train Epoch: 27 [25000/50000 (50%)]     Loss: 0.000143
Train Epoch: 27 [30000/50000 (60%)]     Loss: 0.000107
Train Epoch: 27 [35000/50000 (70%)]     Loss: 0.000034
Train Epoch: 27 [40000/50000 (80%)]     Loss: 0.000125
Train Epoch: 27 [45000/50000 (90%)]     Loss: 0.000169
Train Epoch: 27 [50000/50000 (100%)]    Loss: 0.000886

Test set: Average loss: 0.9479, Accuracy: 8236/10000 (82%)

Train Epoch: 28 [5000/50000 (10%)]      Loss: 0.000040
Train Epoch: 28 [10000/50000 (20%)]     Loss: 0.000161
Train Epoch: 28 [15000/50000 (30%)]     Loss: 0.000350
Train Epoch: 28 [20000/50000 (40%)]     Loss: 0.000099
Train Epoch: 28 [25000/50000 (50%)]     Loss: 0.000036
Train Epoch: 28 [30000/50000 (60%)]     Loss: 0.000090
Train Epoch: 28 [35000/50000 (70%)]     Loss: 0.000027
Train Epoch: 28 [40000/50000 (80%)]     Loss: 0.000256
Train Epoch: 28 [45000/50000 (90%)]     Loss: 0.000122
Train Epoch: 28 [50000/50000 (100%)]    Loss: 0.000028

Test set: Average loss: 0.9588, Accuracy: 8232/10000 (82%)

Train Epoch: 29 [5000/50000 (10%)]      Loss: 0.000332
Train Epoch: 29 [10000/50000 (20%)]     Loss: 0.000022
Train Epoch: 29 [15000/50000 (30%)]     Loss: 0.000033
Train Epoch: 29 [20000/50000 (40%)]     Loss: 0.000110
Train Epoch: 29 [25000/50000 (50%)]     Loss: 0.000154
Train Epoch: 29 [30000/50000 (60%)]     Loss: 0.000023
Train Epoch: 29 [35000/50000 (70%)]     Loss: 0.000140
Train Epoch: 29 [40000/50000 (80%)]     Loss: 0.000029
Train Epoch: 29 [45000/50000 (90%)]     Loss: 0.000152
Train Epoch: 29 [50000/50000 (100%)]    Loss: 0.000202

Test set: Average loss: 0.9549, Accuracy: 8238/10000 (82%)

Train Epoch: 30 [5000/50000 (10%)]      Loss: 0.000037
Train Epoch: 30 [10000/50000 (20%)]     Loss: 0.000038
Train Epoch: 30 [15000/50000 (30%)]     Loss: 0.000130
Train Epoch: 30 [20000/50000 (40%)]     Loss: 0.000388
Train Epoch: 30 [25000/50000 (50%)]     Loss: 0.000172
Train Epoch: 30 [30000/50000 (60%)]     Loss: 0.000057
Train Epoch: 30 [35000/50000 (70%)]     Loss: 0.000170
Train Epoch: 30 [40000/50000 (80%)]     Loss: 0.000089
Train Epoch: 30 [45000/50000 (90%)]     Loss: 0.000049
Train Epoch: 30 [50000/50000 (100%)]    Loss: 0.000072

Test set: Average loss: 0.9570, Accuracy: 8236/10000 (82%)
