Train Epoch: 1 [5000/50000 (10%)]       Loss: 2.121081
Train Epoch: 1 [10000/50000 (20%)]      Loss: 1.624660
Train Epoch: 1 [15000/50000 (30%)]      Loss: 1.480916
Train Epoch: 1 [20000/50000 (40%)]      Loss: 1.606498
Train Epoch: 1 [25000/50000 (50%)]      Loss: 1.150027
Train Epoch: 1 [30000/50000 (60%)]      Loss: 1.205743
Train Epoch: 1 [35000/50000 (70%)]      Loss: 1.779382
Train Epoch: 1 [40000/50000 (80%)]      Loss: 0.959598
Train Epoch: 1 [45000/50000 (90%)]      Loss: 0.996452
Train Epoch: 1 [50000/50000 (100%)]     Loss: 1.084155

Test set: Average loss: 1.3095, Accuracy: 5267/10000 (53%)

Train Epoch: 2 [5000/50000 (10%)]       Loss: 1.284464
Train Epoch: 2 [10000/50000 (20%)]      Loss: 0.989743
Train Epoch: 2 [15000/50000 (30%)]      Loss: 0.997134
Train Epoch: 2 [20000/50000 (40%)]      Loss: 0.695353
Train Epoch: 2 [25000/50000 (50%)]      Loss: 0.992446
Train Epoch: 2 [30000/50000 (60%)]      Loss: 0.762358
Train Epoch: 2 [35000/50000 (70%)]      Loss: 0.743637
Train Epoch: 2 [40000/50000 (80%)]      Loss: 0.943382
Train Epoch: 2 [45000/50000 (90%)]      Loss: 0.647809
Train Epoch: 2 [50000/50000 (100%)]     Loss: 0.810881

Test set: Average loss: 0.9613, Accuracy: 6761/10000 (68%)

Train Epoch: 3 [5000/50000 (10%)]       Loss: 0.840131
Train Epoch: 3 [10000/50000 (20%)]      Loss: 0.728513
Train Epoch: 3 [15000/50000 (30%)]      Loss: 0.568592
Train Epoch: 3 [20000/50000 (40%)]      Loss: 0.618888
Train Epoch: 3 [25000/50000 (50%)]      Loss: 0.778261
Train Epoch: 3 [30000/50000 (60%)]      Loss: 0.665752
Train Epoch: 3 [35000/50000 (70%)]      Loss: 1.007349
Train Epoch: 3 [40000/50000 (80%)]      Loss: 0.465370
Train Epoch: 3 [45000/50000 (90%)]      Loss: 0.500058
Train Epoch: 3 [50000/50000 (100%)]     Loss: 0.752914

Test set: Average loss: 0.7309, Accuracy: 7451/10000 (75%)

Train Epoch: 4 [5000/50000 (10%)]       Loss: 0.604927
Train Epoch: 4 [10000/50000 (20%)]      Loss: 0.596864
Train Epoch: 4 [15000/50000 (30%)]      Loss: 0.306143
Train Epoch: 4 [20000/50000 (40%)]      Loss: 0.592201
Train Epoch: 4 [25000/50000 (50%)]      Loss: 0.544077
Train Epoch: 4 [30000/50000 (60%)]      Loss: 0.661375
Train Epoch: 4 [35000/50000 (70%)]      Loss: 0.385196
Train Epoch: 4 [40000/50000 (80%)]      Loss: 0.382327
Train Epoch: 4 [45000/50000 (90%)]      Loss: 0.445471
Train Epoch: 4 [50000/50000 (100%)]     Loss: 0.297591

Test set: Average loss: 0.8360, Accuracy: 7308/10000 (73%)

Train Epoch: 5 [5000/50000 (10%)]       Loss: 0.381200
Train Epoch: 5 [10000/50000 (20%)]      Loss: 0.498800
Train Epoch: 5 [15000/50000 (30%)]      Loss: 0.437135
Train Epoch: 5 [20000/50000 (40%)]      Loss: 0.279079
Train Epoch: 5 [25000/50000 (50%)]      Loss: 0.326277
Train Epoch: 5 [30000/50000 (60%)]      Loss: 0.381901
Train Epoch: 5 [35000/50000 (70%)]      Loss: 0.343003
Train Epoch: 5 [40000/50000 (80%)]      Loss: 0.561994
Train Epoch: 5 [45000/50000 (90%)]      Loss: 0.269865
Train Epoch: 5 [50000/50000 (100%)]     Loss: 0.392232

Test set: Average loss: 0.7315, Accuracy: 7613/10000 (76%)

Train Epoch: 6 [5000/50000 (10%)]       Loss: 0.286831
Train Epoch: 6 [10000/50000 (20%)]      Loss: 0.247614
Train Epoch: 6 [15000/50000 (30%)]      Loss: 0.315557
Train Epoch: 6 [20000/50000 (40%)]      Loss: 0.251115
Train Epoch: 6 [25000/50000 (50%)]      Loss: 0.296628
Train Epoch: 6 [30000/50000 (60%)]      Loss: 0.316090
Train Epoch: 6 [35000/50000 (70%)]      Loss: 0.611925
Train Epoch: 6 [40000/50000 (80%)]      Loss: 0.088802
Train Epoch: 6 [45000/50000 (90%)]      Loss: 0.490909
Train Epoch: 6 [50000/50000 (100%)]     Loss: 0.193236

Test set: Average loss: 0.6120, Accuracy: 8063/10000 (81%)

Train Epoch: 7 [5000/50000 (10%)]       Loss: 0.094007
Train Epoch: 7 [10000/50000 (20%)]      Loss: 0.312397
Train Epoch: 7 [15000/50000 (30%)]      Loss: 0.397131
Train Epoch: 7 [20000/50000 (40%)]      Loss: 0.165510
Train Epoch: 7 [25000/50000 (50%)]      Loss: 0.132908
Train Epoch: 7 [30000/50000 (60%)]      Loss: 0.212176
Train Epoch: 7 [35000/50000 (70%)]      Loss: 0.287869
Train Epoch: 7 [40000/50000 (80%)]      Loss: 0.271167
Train Epoch: 7 [45000/50000 (90%)]      Loss: 0.231472
Train Epoch: 7 [50000/50000 (100%)]     Loss: 0.224967

Test set: Average loss: 0.7646, Accuracy: 7809/10000 (78%)

Train Epoch: 8 [5000/50000 (10%)]       Loss: 0.064458
Train Epoch: 8 [10000/50000 (20%)]      Loss: 0.120349
Train Epoch: 8 [15000/50000 (30%)]      Loss: 0.310965
Train Epoch: 8 [20000/50000 (40%)]      Loss: 0.123489
Train Epoch: 8 [25000/50000 (50%)]      Loss: 0.178020
Train Epoch: 8 [30000/50000 (60%)]      Loss: 0.223222
Train Epoch: 8 [35000/50000 (70%)]      Loss: 0.069395
Train Epoch: 8 [40000/50000 (80%)]      Loss: 0.318583
Train Epoch: 8 [45000/50000 (90%)]      Loss: 0.217229
Train Epoch: 8 [50000/50000 (100%)]     Loss: 0.142665

Test set: Average loss: 1.2350, Accuracy: 7079/10000 (71%)

Train Epoch: 9 [5000/50000 (10%)]       Loss: 0.047374
Train Epoch: 9 [10000/50000 (20%)]      Loss: 0.061157
Train Epoch: 9 [15000/50000 (30%)]      Loss: 0.175604
Train Epoch: 9 [20000/50000 (40%)]      Loss: 0.089689
Train Epoch: 9 [25000/50000 (50%)]      Loss: 0.135461
Train Epoch: 9 [30000/50000 (60%)]      Loss: 0.085283
Train Epoch: 9 [35000/50000 (70%)]      Loss: 0.191293
Train Epoch: 9 [40000/50000 (80%)]      Loss: 0.124860
Train Epoch: 9 [45000/50000 (90%)]      Loss: 0.079849
Train Epoch: 9 [50000/50000 (100%)]     Loss: 0.144669

Test set: Average loss: 0.8953, Accuracy: 7809/10000 (78%)

Train Epoch: 10 [5000/50000 (10%)]      Loss: 0.171505
Train Epoch: 10 [10000/50000 (20%)]     Loss: 0.177847
Train Epoch: 10 [15000/50000 (30%)]     Loss: 0.168843
Train Epoch: 10 [20000/50000 (40%)]     Loss: 0.029779
Train Epoch: 10 [25000/50000 (50%)]     Loss: 0.025762
Train Epoch: 10 [30000/50000 (60%)]     Loss: 0.033140
Train Epoch: 10 [35000/50000 (70%)]     Loss: 0.032229
Train Epoch: 10 [40000/50000 (80%)]     Loss: 0.017437
Train Epoch: 10 [45000/50000 (90%)]     Loss: 0.136820
Train Epoch: 10 [50000/50000 (100%)]    Loss: 0.185580

Test set: Average loss: 0.8606, Accuracy: 8033/10000 (80%)

Train Epoch: 11 [5000/50000 (10%)]      Loss: 0.023821
Train Epoch: 11 [10000/50000 (20%)]     Loss: 0.021746
Train Epoch: 11 [15000/50000 (30%)]     Loss: 0.110319
Train Epoch: 11 [20000/50000 (40%)]     Loss: 0.047362
Train Epoch: 11 [25000/50000 (50%)]     Loss: 0.043154
Train Epoch: 11 [30000/50000 (60%)]     Loss: 0.043904
Train Epoch: 11 [35000/50000 (70%)]     Loss: 0.098892
Train Epoch: 11 [40000/50000 (80%)]     Loss: 0.308802
Train Epoch: 11 [45000/50000 (90%)]     Loss: 0.071696
Train Epoch: 11 [50000/50000 (100%)]    Loss: 0.093651

Test set: Average loss: 0.9921, Accuracy: 7802/10000 (78%)

Train Epoch: 12 [5000/50000 (10%)]      Loss: 0.056939
Train Epoch: 12 [10000/50000 (20%)]     Loss: 0.006220
Train Epoch: 12 [15000/50000 (30%)]     Loss: 0.098557
Train Epoch: 12 [20000/50000 (40%)]     Loss: 0.032339
Train Epoch: 12 [25000/50000 (50%)]     Loss: 0.065982
Train Epoch: 12 [30000/50000 (60%)]     Loss: 0.102476
Train Epoch: 12 [35000/50000 (70%)]     Loss: 0.014091
Train Epoch: 12 [40000/50000 (80%)]     Loss: 0.051956
Train Epoch: 12 [45000/50000 (90%)]     Loss: 0.032719
Train Epoch: 12 [50000/50000 (100%)]    Loss: 0.095976

Test set: Average loss: 0.9237, Accuracy: 8027/10000 (80%)

Train Epoch: 13 [5000/50000 (10%)]      Loss: 0.015202
Train Epoch: 13 [10000/50000 (20%)]     Loss: 0.023636
Train Epoch: 13 [15000/50000 (30%)]     Loss: 0.018219
Train Epoch: 13 [20000/50000 (40%)]     Loss: 0.020288
Train Epoch: 13 [25000/50000 (50%)]     Loss: 0.098961
Train Epoch: 13 [30000/50000 (60%)]     Loss: 0.054671
Train Epoch: 13 [35000/50000 (70%)]     Loss: 0.135614
Train Epoch: 13 [40000/50000 (80%)]     Loss: 0.054281
Train Epoch: 13 [45000/50000 (90%)]     Loss: 0.016163
Train Epoch: 13 [50000/50000 (100%)]    Loss: 0.036721

Test set: Average loss: 0.8438, Accuracy: 8174/10000 (82%)

Train Epoch: 14 [5000/50000 (10%)]      Loss: 0.028620
Train Epoch: 14 [10000/50000 (20%)]     Loss: 0.009531
Train Epoch: 14 [15000/50000 (30%)]     Loss: 0.001903
Train Epoch: 14 [20000/50000 (40%)]     Loss: 0.015000
Train Epoch: 14 [25000/50000 (50%)]     Loss: 0.023508
Train Epoch: 14 [30000/50000 (60%)]     Loss: 0.018547
Train Epoch: 14 [35000/50000 (70%)]     Loss: 0.002233
Train Epoch: 14 [40000/50000 (80%)]     Loss: 0.031217
Train Epoch: 14 [45000/50000 (90%)]     Loss: 0.017624
Train Epoch: 14 [50000/50000 (100%)]    Loss: 0.076386

Test set: Average loss: 1.1563, Accuracy: 7815/10000 (78%)

Train Epoch: 15 [5000/50000 (10%)]      Loss: 0.015451
Train Epoch: 15 [10000/50000 (20%)]     Loss: 0.026703
Train Epoch: 15 [15000/50000 (30%)]     Loss: 0.033338
Train Epoch: 15 [20000/50000 (40%)]     Loss: 0.002723
Train Epoch: 15 [25000/50000 (50%)]     Loss: 0.013794
Train Epoch: 15 [30000/50000 (60%)]     Loss: 0.019196
Train Epoch: 15 [35000/50000 (70%)]     Loss: 0.002128
Train Epoch: 15 [40000/50000 (80%)]     Loss: 0.120007
Train Epoch: 15 [45000/50000 (90%)]     Loss: 0.036585
Train Epoch: 15 [50000/50000 (100%)]    Loss: 0.067776

Test set: Average loss: 0.8731, Accuracy: 8178/10000 (82%)

Train Epoch: 16 [5000/50000 (10%)]      Loss: 0.009898
Train Epoch: 16 [10000/50000 (20%)]     Loss: 0.026564
Train Epoch: 16 [15000/50000 (30%)]     Loss: 0.001600
Train Epoch: 16 [20000/50000 (40%)]     Loss: 0.021949
Train Epoch: 16 [25000/50000 (50%)]     Loss: 0.003639
Train Epoch: 16 [30000/50000 (60%)]     Loss: 0.015571
Train Epoch: 16 [35000/50000 (70%)]     Loss: 0.036938
Train Epoch: 16 [40000/50000 (80%)]     Loss: 0.070562
Train Epoch: 16 [45000/50000 (90%)]     Loss: 0.110267
Train Epoch: 16 [50000/50000 (100%)]    Loss: 0.036369

Test set: Average loss: 0.8992, Accuracy: 8201/10000 (82%)

Train Epoch: 17 [5000/50000 (10%)]      Loss: 0.001737
Train Epoch: 17 [10000/50000 (20%)]     Loss: 0.093606
Train Epoch: 17 [15000/50000 (30%)]     Loss: 0.008826
Train Epoch: 17 [20000/50000 (40%)]     Loss: 0.003871
Train Epoch: 17 [25000/50000 (50%)]     Loss: 0.036164
Train Epoch: 17 [30000/50000 (60%)]     Loss: 0.044300
Train Epoch: 17 [35000/50000 (70%)]     Loss: 0.026729
Train Epoch: 17 [40000/50000 (80%)]     Loss: 0.019152
Train Epoch: 17 [45000/50000 (90%)]     Loss: 0.108148
Train Epoch: 17 [50000/50000 (100%)]    Loss: 0.028921

Test set: Average loss: 0.9473, Accuracy: 8200/10000 (82%)

Train Epoch: 18 [5000/50000 (10%)]      Loss: 0.001341
Train Epoch: 18 [10000/50000 (20%)]     Loss: 0.032433
Train Epoch: 18 [15000/50000 (30%)]     Loss: 0.008346
Train Epoch: 18 [20000/50000 (40%)]     Loss: 0.000770
Train Epoch: 18 [25000/50000 (50%)]     Loss: 0.117991
Train Epoch: 18 [30000/50000 (60%)]     Loss: 0.039807
Train Epoch: 18 [35000/50000 (70%)]     Loss: 0.001092
Train Epoch: 18 [40000/50000 (80%)]     Loss: 0.023988
Train Epoch: 18 [45000/50000 (90%)]     Loss: 0.042571
Train Epoch: 18 [50000/50000 (100%)]    Loss: 0.066268

Test set: Average loss: 1.2782, Accuracy: 7779/10000 (78%)

Train Epoch: 19 [5000/50000 (10%)]      Loss: 0.108363
Train Epoch: 19 [10000/50000 (20%)]     Loss: 0.003029
Train Epoch: 19 [15000/50000 (30%)]     Loss: 0.003652
Train Epoch: 19 [20000/50000 (40%)]     Loss: 0.005376
Train Epoch: 19 [25000/50000 (50%)]     Loss: 0.005537
Train Epoch: 19 [30000/50000 (60%)]     Loss: 0.016237
Train Epoch: 19 [35000/50000 (70%)]     Loss: 0.000256
Train Epoch: 19 [40000/50000 (80%)]     Loss: 0.001222
Train Epoch: 19 [45000/50000 (90%)]     Loss: 0.000763
Train Epoch: 19 [50000/50000 (100%)]    Loss: 0.002874

Test set: Average loss: 0.8873, Accuracy: 8294/10000 (83%)

Train Epoch: 20 [5000/50000 (10%)]      Loss: 0.002937
Train Epoch: 20 [10000/50000 (20%)]     Loss: 0.005976
Train Epoch: 20 [15000/50000 (30%)]     Loss: 0.003356
Train Epoch: 20 [20000/50000 (40%)]     Loss: 0.094882
Train Epoch: 20 [25000/50000 (50%)]     Loss: 0.025276
Train Epoch: 20 [30000/50000 (60%)]     Loss: 0.020594
Train Epoch: 20 [35000/50000 (70%)]     Loss: 0.001302
Train Epoch: 20 [40000/50000 (80%)]     Loss: 0.000114
Train Epoch: 20 [45000/50000 (90%)]     Loss: 0.121778
Train Epoch: 20 [50000/50000 (100%)]    Loss: 0.030710

Test set: Average loss: 1.0368, Accuracy: 8125/10000 (81%)

Train Epoch: 21 [5000/50000 (10%)]      Loss: 0.000330
Train Epoch: 21 [10000/50000 (20%)]     Loss: 0.003977
Train Epoch: 21 [15000/50000 (30%)]     Loss: 0.006951
Train Epoch: 21 [20000/50000 (40%)]     Loss: 0.000624
Train Epoch: 21 [25000/50000 (50%)]     Loss: 0.002453
Train Epoch: 21 [30000/50000 (60%)]     Loss: 0.026543
Train Epoch: 21 [35000/50000 (70%)]     Loss: 0.001986
Train Epoch: 21 [40000/50000 (80%)]     Loss: 0.063838
Train Epoch: 21 [45000/50000 (90%)]     Loss: 0.026224
Train Epoch: 21 [50000/50000 (100%)]    Loss: 0.130590

Test set: Average loss: 0.9872, Accuracy: 8174/10000 (82%)

Train Epoch: 22 [5000/50000 (10%)]      Loss: 0.002355
Train Epoch: 22 [10000/50000 (20%)]     Loss: 0.001019
Train Epoch: 22 [15000/50000 (30%)]     Loss: 0.001838
Train Epoch: 22 [20000/50000 (40%)]     Loss: 0.004726
Train Epoch: 22 [25000/50000 (50%)]     Loss: 0.000947
Train Epoch: 22 [30000/50000 (60%)]     Loss: 0.007603
Train Epoch: 22 [35000/50000 (70%)]     Loss: 0.000491
Train Epoch: 22 [40000/50000 (80%)]     Loss: 0.014855
Train Epoch: 22 [45000/50000 (90%)]     Loss: 0.012629
Train Epoch: 22 [50000/50000 (100%)]    Loss: 0.135055

Test set: Average loss: 1.0971, Accuracy: 8110/10000 (81%)

Train Epoch: 23 [5000/50000 (10%)]      Loss: 0.000136
Train Epoch: 23 [10000/50000 (20%)]     Loss: 0.008463
Train Epoch: 23 [15000/50000 (30%)]     Loss: 0.000549
Train Epoch: 23 [20000/50000 (40%)]     Loss: 0.017630
Train Epoch: 23 [25000/50000 (50%)]     Loss: 0.000541
Train Epoch: 23 [30000/50000 (60%)]     Loss: 0.001588
Train Epoch: 23 [35000/50000 (70%)]     Loss: 0.002567
Train Epoch: 23 [40000/50000 (80%)]     Loss: 0.012833
Train Epoch: 23 [45000/50000 (90%)]     Loss: 0.054289
Train Epoch: 23 [50000/50000 (100%)]    Loss: 0.002119

Test set: Average loss: 0.9984, Accuracy: 8290/10000 (83%)

Train Epoch: 24 [5000/50000 (10%)]      Loss: 0.000125
Train Epoch: 24 [10000/50000 (20%)]     Loss: 0.000912
Train Epoch: 24 [15000/50000 (30%)]     Loss: 0.074257
Train Epoch: 24 [20000/50000 (40%)]     Loss: 0.000479
Train Epoch: 24 [25000/50000 (50%)]     Loss: 0.003048
Train Epoch: 24 [30000/50000 (60%)]     Loss: 0.009937
Train Epoch: 24 [35000/50000 (70%)]     Loss: 0.001653
Train Epoch: 24 [40000/50000 (80%)]     Loss: 0.001753
Train Epoch: 24 [45000/50000 (90%)]     Loss: 0.051447
Train Epoch: 24 [50000/50000 (100%)]    Loss: 0.004524

Test set: Average loss: 1.0223, Accuracy: 8250/10000 (82%)

Train Epoch: 25 [5000/50000 (10%)]      Loss: 0.000789
Train Epoch: 25 [10000/50000 (20%)]     Loss: 0.000792
Train Epoch: 25 [15000/50000 (30%)]     Loss: 0.000808
Train Epoch: 25 [20000/50000 (40%)]     Loss: 0.001842
Train Epoch: 25 [25000/50000 (50%)]     Loss: 0.002179
Train Epoch: 25 [30000/50000 (60%)]     Loss: 0.003954
Train Epoch: 25 [35000/50000 (70%)]     Loss: 0.006303
Train Epoch: 25 [40000/50000 (80%)]     Loss: 0.022540
Train Epoch: 25 [45000/50000 (90%)]     Loss: 0.002427
Train Epoch: 25 [50000/50000 (100%)]    Loss: 0.004871

Test set: Average loss: 1.0459, Accuracy: 8257/10000 (83%)

Train Epoch: 26 [5000/50000 (10%)]      Loss: 0.033371
Train Epoch: 26 [10000/50000 (20%)]     Loss: 0.006646
Train Epoch: 26 [15000/50000 (30%)]     Loss: 0.001114
Train Epoch: 26 [20000/50000 (40%)]     Loss: 0.000820
Train Epoch: 26 [25000/50000 (50%)]     Loss: 0.005227
Train Epoch: 26 [30000/50000 (60%)]     Loss: 0.024749
Train Epoch: 26 [35000/50000 (70%)]     Loss: 0.058795
Train Epoch: 26 [40000/50000 (80%)]     Loss: 0.005275
Train Epoch: 26 [45000/50000 (90%)]     Loss: 0.001501
Train Epoch: 26 [50000/50000 (100%)]    Loss: 0.008799

Test set: Average loss: 1.1297, Accuracy: 8161/10000 (82%)

Train Epoch: 27 [5000/50000 (10%)]      Loss: 0.000513
Train Epoch: 27 [10000/50000 (20%)]     Loss: 0.017425
Train Epoch: 27 [15000/50000 (30%)]     Loss: 0.000677
Train Epoch: 27 [20000/50000 (40%)]     Loss: 0.001255
Train Epoch: 27 [25000/50000 (50%)]     Loss: 0.035784
Train Epoch: 27 [30000/50000 (60%)]     Loss: 0.000893
Train Epoch: 27 [35000/50000 (70%)]     Loss: 0.000259
Train Epoch: 27 [40000/50000 (80%)]     Loss: 0.000212
Train Epoch: 27 [45000/50000 (90%)]     Loss: 0.029700
Train Epoch: 27 [50000/50000 (100%)]    Loss: 0.005358

Test set: Average loss: 1.0527, Accuracy: 8250/10000 (82%)

Train Epoch: 28 [5000/50000 (10%)]      Loss: 0.004506
Train Epoch: 28 [10000/50000 (20%)]     Loss: 0.000468
Train Epoch: 28 [15000/50000 (30%)]     Loss: 0.007705
Train Epoch: 28 [20000/50000 (40%)]     Loss: 0.008677
Train Epoch: 28 [25000/50000 (50%)]     Loss: 0.002816
Train Epoch: 28 [30000/50000 (60%)]     Loss: 0.000127
Train Epoch: 28 [35000/50000 (70%)]     Loss: 0.028865
Train Epoch: 28 [40000/50000 (80%)]     Loss: 0.001110
Train Epoch: 28 [45000/50000 (90%)]     Loss: 0.049695
Train Epoch: 28 [50000/50000 (100%)]    Loss: 0.010103

Test set: Average loss: 1.0522, Accuracy: 8278/10000 (83%)

Train Epoch: 29 [5000/50000 (10%)]      Loss: 0.000947
Train Epoch: 29 [10000/50000 (20%)]     Loss: 0.008404
Train Epoch: 29 [15000/50000 (30%)]     Loss: 0.033021
Train Epoch: 29 [20000/50000 (40%)]     Loss: 0.002650
Train Epoch: 29 [25000/50000 (50%)]     Loss: 0.002850
Train Epoch: 29 [30000/50000 (60%)]     Loss: 0.001381
Train Epoch: 29 [35000/50000 (70%)]     Loss: 0.000930
Train Epoch: 29 [40000/50000 (80%)]     Loss: 0.000701
Train Epoch: 29 [45000/50000 (90%)]     Loss: 0.000333
Train Epoch: 29 [50000/50000 (100%)]    Loss: 0.007336

Test set: Average loss: 0.9797, Accuracy: 8376/10000 (84%)

Train Epoch: 30 [5000/50000 (10%)]      Loss: 0.000652
Train Epoch: 30 [10000/50000 (20%)]     Loss: 0.000375
Train Epoch: 30 [15000/50000 (30%)]     Loss: 0.004102
Train Epoch: 30 [20000/50000 (40%)]     Loss: 0.000086
Train Epoch: 30 [25000/50000 (50%)]     Loss: 0.000578
Train Epoch: 30 [30000/50000 (60%)]     Loss: 0.001132
Train Epoch: 30 [35000/50000 (70%)]     Loss: 0.013720
Train Epoch: 30 [40000/50000 (80%)]     Loss: 0.074787
Train Epoch: 30 [45000/50000 (90%)]     Loss: 0.000807
Train Epoch: 30 [50000/50000 (100%)]    Loss: 0.003966

Test set: Average loss: 1.0347, Accuracy: 8344/10000 (83%)
