Train Epoch: 1 [5000/50000 (10%)]       Loss: 2.123821
Train Epoch: 1 [10000/50000 (20%)]      Loss: 1.658094
Train Epoch: 1 [15000/50000 (30%)]      Loss: 1.510571
Train Epoch: 1 [20000/50000 (40%)]      Loss: 1.352678
Train Epoch: 1 [25000/50000 (50%)]      Loss: 0.985944
Train Epoch: 1 [30000/50000 (60%)]      Loss: 1.337619
Train Epoch: 1 [35000/50000 (70%)]      Loss: 1.309696
Train Epoch: 1 [40000/50000 (80%)]      Loss: 0.887378
Train Epoch: 1 [45000/50000 (90%)]      Loss: 0.796474
Train Epoch: 1 [50000/50000 (100%)]     Loss: 0.860992

Test set: Average loss: 0.9886, Accuracy: 6456/10000 (65%)

Train Epoch: 2 [5000/50000 (10%)]       Loss: 0.529937
Train Epoch: 2 [10000/50000 (20%)]      Loss: 0.821768
Train Epoch: 2 [15000/50000 (30%)]      Loss: 0.831462
Train Epoch: 2 [20000/50000 (40%)]      Loss: 0.994029
Train Epoch: 2 [25000/50000 (50%)]      Loss: 0.673735
Train Epoch: 2 [30000/50000 (60%)]      Loss: 0.773954
Train Epoch: 2 [35000/50000 (70%)]      Loss: 0.565089
Train Epoch: 2 [40000/50000 (80%)]      Loss: 0.917477
Train Epoch: 2 [45000/50000 (90%)]      Loss: 0.770550
Train Epoch: 2 [50000/50000 (100%)]     Loss: 0.597426

Test set: Average loss: 0.7869, Accuracy: 7294/10000 (73%)

Train Epoch: 3 [5000/50000 (10%)]       Loss: 0.538636
Train Epoch: 3 [10000/50000 (20%)]      Loss: 0.632063
Train Epoch: 3 [15000/50000 (30%)]      Loss: 0.601142
Train Epoch: 3 [20000/50000 (40%)]      Loss: 0.455545
Train Epoch: 3 [25000/50000 (50%)]      Loss: 0.640195
Train Epoch: 3 [30000/50000 (60%)]      Loss: 0.429494
Train Epoch: 3 [35000/50000 (70%)]      Loss: 0.742683
Train Epoch: 3 [40000/50000 (80%)]      Loss: 0.634875
Train Epoch: 3 [45000/50000 (90%)]      Loss: 0.488779
Train Epoch: 3 [50000/50000 (100%)]     Loss: 0.484090

Test set: Average loss: 0.8533, Accuracy: 7202/10000 (72%)

Train Epoch: 4 [5000/50000 (10%)]       Loss: 0.527908
Train Epoch: 4 [10000/50000 (20%)]      Loss: 0.572782
Train Epoch: 4 [15000/50000 (30%)]      Loss: 0.259621
Train Epoch: 4 [20000/50000 (40%)]      Loss: 0.249705
Train Epoch: 4 [25000/50000 (50%)]      Loss: 0.248181
Train Epoch: 4 [30000/50000 (60%)]      Loss: 0.271373
Train Epoch: 4 [35000/50000 (70%)]      Loss: 0.218909
Train Epoch: 4 [40000/50000 (80%)]      Loss: 0.510041
Train Epoch: 4 [45000/50000 (90%)]      Loss: 0.468058
Train Epoch: 4 [50000/50000 (100%)]     Loss: 0.611474

Test set: Average loss: 0.9099, Accuracy: 7081/10000 (71%)

Train Epoch: 5 [5000/50000 (10%)]       Loss: 0.297182
Train Epoch: 5 [10000/50000 (20%)]      Loss: 0.256943
Train Epoch: 5 [15000/50000 (30%)]      Loss: 0.752270
Train Epoch: 5 [20000/50000 (40%)]      Loss: 0.248592
Train Epoch: 5 [25000/50000 (50%)]      Loss: 0.368834
Train Epoch: 5 [30000/50000 (60%)]      Loss: 0.841616
Train Epoch: 5 [35000/50000 (70%)]      Loss: 0.422530
Train Epoch: 5 [40000/50000 (80%)]      Loss: 0.204649
Train Epoch: 5 [45000/50000 (90%)]      Loss: 0.177176
Train Epoch: 5 [50000/50000 (100%)]     Loss: 0.171582

Test set: Average loss: 0.5896, Accuracy: 8097/10000 (81%)

Train Epoch: 6 [5000/50000 (10%)]       Loss: 0.125908
Train Epoch: 6 [10000/50000 (20%)]      Loss: 0.369294
Train Epoch: 6 [15000/50000 (30%)]      Loss: 0.345214
Train Epoch: 6 [20000/50000 (40%)]      Loss: 0.365580
Train Epoch: 6 [25000/50000 (50%)]      Loss: 0.104630
Train Epoch: 6 [30000/50000 (60%)]      Loss: 0.187424
Train Epoch: 6 [35000/50000 (70%)]      Loss: 0.330270
Train Epoch: 6 [40000/50000 (80%)]      Loss: 0.166481
Train Epoch: 6 [45000/50000 (90%)]      Loss: 0.209847
Train Epoch: 6 [50000/50000 (100%)]     Loss: 0.201568

Test set: Average loss: 0.6334, Accuracy: 8029/10000 (80%)

Train Epoch: 7 [5000/50000 (10%)]       Loss: 0.091067
Train Epoch: 7 [10000/50000 (20%)]      Loss: 0.216103
Train Epoch: 7 [15000/50000 (30%)]      Loss: 0.176882
Train Epoch: 7 [20000/50000 (40%)]      Loss: 0.094499
Train Epoch: 7 [25000/50000 (50%)]      Loss: 0.321214
Train Epoch: 7 [30000/50000 (60%)]      Loss: 0.142630
Train Epoch: 7 [35000/50000 (70%)]      Loss: 0.169168
Train Epoch: 7 [40000/50000 (80%)]      Loss: 0.221261
Train Epoch: 7 [45000/50000 (90%)]      Loss: 0.586907
Train Epoch: 7 [50000/50000 (100%)]     Loss: 0.261613

Test set: Average loss: 0.7551, Accuracy: 7857/10000 (79%)

Train Epoch: 8 [5000/50000 (10%)]       Loss: 0.152419
Train Epoch: 8 [10000/50000 (20%)]      Loss: 0.020803
Train Epoch: 8 [15000/50000 (30%)]      Loss: 0.228025
Train Epoch: 8 [20000/50000 (40%)]      Loss: 0.037655
Train Epoch: 8 [25000/50000 (50%)]      Loss: 0.086220
Train Epoch: 8 [30000/50000 (60%)]      Loss: 0.384528
Train Epoch: 8 [35000/50000 (70%)]      Loss: 0.103054
Train Epoch: 8 [40000/50000 (80%)]      Loss: 0.252755
Train Epoch: 8 [45000/50000 (90%)]      Loss: 0.108251
Train Epoch: 8 [50000/50000 (100%)]     Loss: 0.145385

Test set: Average loss: 0.7373, Accuracy: 8044/10000 (80%)

Train Epoch: 9 [5000/50000 (10%)]       Loss: 0.060428
Train Epoch: 9 [10000/50000 (20%)]      Loss: 0.044026
Train Epoch: 9 [15000/50000 (30%)]      Loss: 0.331831
Train Epoch: 9 [20000/50000 (40%)]      Loss: 0.069853
Train Epoch: 9 [25000/50000 (50%)]      Loss: 0.125775
Train Epoch: 9 [30000/50000 (60%)]      Loss: 0.089684
Train Epoch: 9 [35000/50000 (70%)]      Loss: 0.113041
Train Epoch: 9 [40000/50000 (80%)]      Loss: 0.028930
Train Epoch: 9 [45000/50000 (90%)]      Loss: 0.041838
Train Epoch: 9 [50000/50000 (100%)]     Loss: 0.029962

Test set: Average loss: 0.7748, Accuracy: 8042/10000 (80%)

Train Epoch: 10 [5000/50000 (10%)]      Loss: 0.070460
Train Epoch: 10 [10000/50000 (20%)]     Loss: 0.021719
Train Epoch: 10 [15000/50000 (30%)]     Loss: 0.026662
Train Epoch: 10 [20000/50000 (40%)]     Loss: 0.038595
Train Epoch: 10 [25000/50000 (50%)]     Loss: 0.258904
Train Epoch: 10 [30000/50000 (60%)]     Loss: 0.081036
Train Epoch: 10 [35000/50000 (70%)]     Loss: 0.087277
Train Epoch: 10 [40000/50000 (80%)]     Loss: 0.076335
Train Epoch: 10 [45000/50000 (90%)]     Loss: 0.141514
Train Epoch: 10 [50000/50000 (100%)]    Loss: 0.040948

Test set: Average loss: 0.7532, Accuracy: 8092/10000 (81%)

Train Epoch: 11 [5000/50000 (10%)]      Loss: 0.007135
Train Epoch: 11 [10000/50000 (20%)]     Loss: 0.035007
Train Epoch: 11 [15000/50000 (30%)]     Loss: 0.105545
Train Epoch: 11 [20000/50000 (40%)]     Loss: 0.007210
Train Epoch: 11 [25000/50000 (50%)]     Loss: 0.177071
Train Epoch: 11 [30000/50000 (60%)]     Loss: 0.108958
Train Epoch: 11 [35000/50000 (70%)]     Loss: 0.014757
Train Epoch: 11 [40000/50000 (80%)]     Loss: 0.014499
Train Epoch: 11 [45000/50000 (90%)]     Loss: 0.044978
Train Epoch: 11 [50000/50000 (100%)]    Loss: 0.080999

Test set: Average loss: 0.9542, Accuracy: 7826/10000 (78%)

Train Epoch: 12 [5000/50000 (10%)]      Loss: 0.013127
Train Epoch: 12 [10000/50000 (20%)]     Loss: 0.050187
Train Epoch: 12 [15000/50000 (30%)]     Loss: 0.045081
Train Epoch: 12 [20000/50000 (40%)]     Loss: 0.015713
Train Epoch: 12 [25000/50000 (50%)]     Loss: 0.122659
Train Epoch: 12 [30000/50000 (60%)]     Loss: 0.098851
Train Epoch: 12 [35000/50000 (70%)]     Loss: 0.124768
Train Epoch: 12 [40000/50000 (80%)]     Loss: 0.028741
Train Epoch: 12 [45000/50000 (90%)]     Loss: 0.049996
Train Epoch: 12 [50000/50000 (100%)]    Loss: 0.027964

Test set: Average loss: 0.7836, Accuracy: 8135/10000 (81%)

Train Epoch: 13 [5000/50000 (10%)]      Loss: 0.010239
Train Epoch: 13 [10000/50000 (20%)]     Loss: 0.013346
Train Epoch: 13 [15000/50000 (30%)]     Loss: 0.034740
Train Epoch: 13 [20000/50000 (40%)]     Loss: 0.006628
Train Epoch: 13 [25000/50000 (50%)]     Loss: 0.233703
Train Epoch: 13 [30000/50000 (60%)]     Loss: 0.028001
Train Epoch: 13 [35000/50000 (70%)]     Loss: 0.016960
Train Epoch: 13 [40000/50000 (80%)]     Loss: 0.038966
Train Epoch: 13 [45000/50000 (90%)]     Loss: 0.077177
Train Epoch: 13 [50000/50000 (100%)]    Loss: 0.007428

Test set: Average loss: 0.7657, Accuracy: 8228/10000 (82%)

Train Epoch: 14 [5000/50000 (10%)]      Loss: 0.004960
Train Epoch: 14 [10000/50000 (20%)]     Loss: 0.012332
Train Epoch: 14 [15000/50000 (30%)]     Loss: 0.008374
Train Epoch: 14 [20000/50000 (40%)]     Loss: 0.026293
Train Epoch: 14 [25000/50000 (50%)]     Loss: 0.022120
Train Epoch: 14 [30000/50000 (60%)]     Loss: 0.030941
Train Epoch: 14 [35000/50000 (70%)]     Loss: 0.012151
Train Epoch: 14 [40000/50000 (80%)]     Loss: 0.038148
Train Epoch: 14 [45000/50000 (90%)]     Loss: 0.006353
Train Epoch: 14 [50000/50000 (100%)]    Loss: 0.123020

Test set: Average loss: 0.9219, Accuracy: 7973/10000 (80%)

Train Epoch: 15 [5000/50000 (10%)]      Loss: 0.007269
Train Epoch: 15 [10000/50000 (20%)]     Loss: 0.102025
Train Epoch: 15 [15000/50000 (30%)]     Loss: 0.004460
Train Epoch: 15 [20000/50000 (40%)]     Loss: 0.034019
Train Epoch: 15 [25000/50000 (50%)]     Loss: 0.044917
Train Epoch: 15 [30000/50000 (60%)]     Loss: 0.001000
Train Epoch: 15 [35000/50000 (70%)]     Loss: 0.167713
Train Epoch: 15 [40000/50000 (80%)]     Loss: 0.039942
Train Epoch: 15 [45000/50000 (90%)]     Loss: 0.048901
Train Epoch: 15 [50000/50000 (100%)]    Loss: 0.230296

Test set: Average loss: 0.8212, Accuracy: 8223/10000 (82%)

Train Epoch: 16 [5000/50000 (10%)]      Loss: 0.129504
Train Epoch: 16 [10000/50000 (20%)]     Loss: 0.003356
Train Epoch: 16 [15000/50000 (30%)]     Loss: 0.006777
Train Epoch: 16 [20000/50000 (40%)]     Loss: 0.037351
Train Epoch: 16 [25000/50000 (50%)]     Loss: 0.095671
Train Epoch: 16 [30000/50000 (60%)]     Loss: 0.036352
Train Epoch: 16 [35000/50000 (70%)]     Loss: 0.010282
Train Epoch: 16 [40000/50000 (80%)]     Loss: 0.015459
Train Epoch: 16 [45000/50000 (90%)]     Loss: 0.064332
Train Epoch: 16 [50000/50000 (100%)]    Loss: 0.105744

Test set: Average loss: 0.8424, Accuracy: 8172/10000 (82%)

Train Epoch: 17 [5000/50000 (10%)]      Loss: 0.005863
Train Epoch: 17 [10000/50000 (20%)]     Loss: 0.003554
Train Epoch: 17 [15000/50000 (30%)]     Loss: 0.003353
Train Epoch: 17 [20000/50000 (40%)]     Loss: 0.039896
Train Epoch: 17 [25000/50000 (50%)]     Loss: 0.056947
Train Epoch: 17 [30000/50000 (60%)]     Loss: 0.009517
Train Epoch: 17 [35000/50000 (70%)]     Loss: 0.071698
Train Epoch: 17 [40000/50000 (80%)]     Loss: 0.012694
Train Epoch: 17 [45000/50000 (90%)]     Loss: 0.070901
Train Epoch: 17 [50000/50000 (100%)]    Loss: 0.003086

Test set: Average loss: 0.8209, Accuracy: 8243/10000 (82%)

Train Epoch: 18 [5000/50000 (10%)]      Loss: 0.001590
Train Epoch: 18 [10000/50000 (20%)]     Loss: 0.002626
Train Epoch: 18 [15000/50000 (30%)]     Loss: 0.028871
Train Epoch: 18 [20000/50000 (40%)]     Loss: 0.003078
Train Epoch: 18 [25000/50000 (50%)]     Loss: 0.074665
Train Epoch: 18 [30000/50000 (60%)]     Loss: 0.001041
Train Epoch: 18 [35000/50000 (70%)]     Loss: 0.063230
Train Epoch: 18 [40000/50000 (80%)]     Loss: 0.001805
Train Epoch: 18 [45000/50000 (90%)]     Loss: 0.004774
Train Epoch: 18 [50000/50000 (100%)]    Loss: 0.001472

Test set: Average loss: 0.8910, Accuracy: 8254/10000 (83%)

Train Epoch: 19 [5000/50000 (10%)]      Loss: 0.003081
Train Epoch: 19 [10000/50000 (20%)]     Loss: 0.133108
Train Epoch: 19 [15000/50000 (30%)]     Loss: 0.002112
Train Epoch: 19 [20000/50000 (40%)]     Loss: 0.013464
Train Epoch: 19 [25000/50000 (50%)]     Loss: 0.012309
Train Epoch: 19 [30000/50000 (60%)]     Loss: 0.015256
Train Epoch: 19 [35000/50000 (70%)]     Loss: 0.024440
Train Epoch: 19 [40000/50000 (80%)]     Loss: 0.001526
Train Epoch: 19 [45000/50000 (90%)]     Loss: 0.003709
Train Epoch: 19 [50000/50000 (100%)]    Loss: 0.068829

Test set: Average loss: 0.9809, Accuracy: 8131/10000 (81%)

Train Epoch: 20 [5000/50000 (10%)]      Loss: 0.016588
Train Epoch: 20 [10000/50000 (20%)]     Loss: 0.002304
Train Epoch: 20 [15000/50000 (30%)]     Loss: 0.009000
Train Epoch: 20 [20000/50000 (40%)]     Loss: 0.008465
Train Epoch: 20 [25000/50000 (50%)]     Loss: 0.006514
Train Epoch: 20 [30000/50000 (60%)]     Loss: 0.042711
Train Epoch: 20 [35000/50000 (70%)]     Loss: 0.049048
Train Epoch: 20 [40000/50000 (80%)]     Loss: 0.029899
Train Epoch: 20 [45000/50000 (90%)]     Loss: 0.001368
Train Epoch: 20 [50000/50000 (100%)]    Loss: 0.049986

Test set: Average loss: 0.8126, Accuracy: 8311/10000 (83%)

Train Epoch: 21 [5000/50000 (10%)]      Loss: 0.016904
Train Epoch: 21 [10000/50000 (20%)]     Loss: 0.009921
Train Epoch: 21 [15000/50000 (30%)]     Loss: 0.033931
Train Epoch: 21 [20000/50000 (40%)]     Loss: 0.014464
Train Epoch: 21 [25000/50000 (50%)]     Loss: 0.003221
Train Epoch: 21 [30000/50000 (60%)]     Loss: 0.010958
Train Epoch: 21 [35000/50000 (70%)]     Loss: 0.002968
Train Epoch: 21 [40000/50000 (80%)]     Loss: 0.002369
Train Epoch: 21 [45000/50000 (90%)]     Loss: 0.004433
Train Epoch: 21 [50000/50000 (100%)]    Loss: 0.029690

Test set: Average loss: 0.8639, Accuracy: 8256/10000 (83%)

Train Epoch: 22 [5000/50000 (10%)]      Loss: 0.088707
Train Epoch: 22 [10000/50000 (20%)]     Loss: 0.012749
Train Epoch: 22 [15000/50000 (30%)]     Loss: 0.008206
Train Epoch: 22 [20000/50000 (40%)]     Loss: 0.000516
Train Epoch: 22 [25000/50000 (50%)]     Loss: 0.024457
Train Epoch: 22 [30000/50000 (60%)]     Loss: 0.009390
Train Epoch: 22 [35000/50000 (70%)]     Loss: 0.009139
Train Epoch: 22 [40000/50000 (80%)]     Loss: 0.017419
Train Epoch: 22 [45000/50000 (90%)]     Loss: 0.208762
Train Epoch: 22 [50000/50000 (100%)]    Loss: 0.001109

Test set: Average loss: 0.8348, Accuracy: 8283/10000 (83%)
